Generating vertical trajectory...
[init] peg world pos = [ 3.06079e-01 -3.20559e-05  4.27040e-01]
[step 001] peg world pos = [ 3.06079e-01 -3.20559e-05  4.27040e-01]
          ee wrench(contact) [Tx Ty Tz Fx Fy Fz] = [+0.0414, -0.0001, +0.0170, +0.0139, +0.0555, -0.0668]
[step 002] peg world pos = [ 3.06089663e-01 -3.20435277e-05  4.27023764e-01]
          ee wrench(contact) [Tx Ty Tz Fx Fy Fz] = [+0.0381, +0.0102, +0.0275, +0.3631, +0.4630, -0.2695]
[step 003] peg world pos = [ 3.06099982e-01 -3.05850103e-05  4.26984563e-01]
          ee wrench(contact) [Tx Ty Tz Fx Fy Fz] = [+0.0376, +0.0137, +0.0383, +0.4647, +0.6124, -0.2049]
[step 004] peg world pos = [ 3.06106746e-01 -2.79729731e-05  4.26916768e-01]
          ee wrench(contact) [Tx Ty Tz Fx Fy Fz] = [+0.0376, +0.0151, +0.0451, +0.4381, +0.6375, +0.1499]
[step 005] peg world pos = [ 3.06108344e-01 -2.61434303e-05  4.26816745e-01]
          ee wrench(contact) [Tx Ty Tz Fx Fy Fz] = [+0.0373, +0.0160, +0.0433, +0.6810, +0.5964, +0.0022]
[step 006] peg world pos = [ 3.06104277e-01 -2.31942687e-05  4.26685732e-01]
          ee wrench(contact) [Tx Ty Tz Fx Fy Fz] = [+0.0262, +0.0230, +0.0475, +0.4077, +0.8899, +0.2114]
[step 007] peg world pos = [ 3.06093264e-01 -2.53337425e-05  4.26524887e-01]
          ee wrench(contact) [Tx Ty Tz Fx Fy Fz] = [+0.0370, +0.0297, +0.0466, +0.8011, +0.5273, -0.1682]
[step 008] peg world pos = [ 3.06078298e-01 -2.48585431e-05  4.26333272e-01]
          ee wrench(contact) [Tx Ty Tz Fx Fy Fz] = [+0.0235, -0.0245, +0.0346, -1.7613, -0.2483, +1.0653]
[step 009] peg world pos = [ 3.06060974e-01 -4.53346123e-05  4.26115088e-01]
          ee wrench(contact) [Tx Ty Tz Fx Fy Fz] = [+0.0536, +0.0266, +0.0520, +1.0132, +1.5190, -1.2436]
[step 010] peg world pos = [ 3.06035859e-01 -4.47628772e-05  4.25861243e-01]
          ee wrench(contact) [Tx Ty Tz Fx Fy Fz] = [+0.0377, +0.0162, +0.0436, -0.0443, +0.9799, -0.2235]
[step 011] peg world pos = [ 3.06004339e-01 -4.33851154e-05  4.25576581e-01]
          ee wrench(contact) [Tx Ty Tz Fx Fy Fz] = [+0.0370, +0.0168, +0.0432, +0.0671, +0.9781, -0.2046]
[step 012] peg world pos = [ 3.05966988e-01 -4.13666489e-05  4.25261507e-01]
          ee wrench(contact) [Tx Ty Tz Fx Fy Fz] = [+0.0368, +0.0175, +0.0452, +0.1622, +0.9832, -0.2122]
[step 013] peg world pos = [ 3.05926788e-01 -3.87345737e-05  4.24915731e-01]
          ee wrench(contact) [Tx Ty Tz Fx Fy Fz] = [+0.0382, +0.0184, +0.0475, +0.2476, +0.6752, -0.1582]
[step 014] peg world pos = [ 3.05883526e-01 -3.57170895e-05  4.24537961e-01]
          ee wrench(contact) [Tx Ty Tz Fx Fy Fz] = [+0.0367, +0.0177, +0.0478, +0.2321, +0.8632, +0.1569]
[step 015] peg world pos = [ 3.05837790e-01 -3.37989851e-05  4.24127745e-01]
          ee wrench(contact) [Tx Ty Tz Fx Fy Fz] = [+0.0384, +0.0230, +0.0502, +0.8038, +0.4642, -0.5402]
[step 016] peg world pos = [ 3.05791197e-01 -2.56145202e-05  4.23684549e-01]
          ee wrench(contact) [Tx Ty Tz Fx Fy Fz] = [+0.0126, -0.0113, +0.0308, -1.6168, +0.1064, +0.7101]
[step 017] peg world pos = [ 3.05744612e-01 -3.97896593e-05  4.23216155e-01]
          ee wrench(contact) [Tx Ty Tz Fx Fy Fz] = [+0.0716, +0.0195, +0.0792, +1.6268, +1.2905, -2.1534]
[step 018] peg world pos = [ 3.05695838e-01 -1.11851541e-05  4.22704827e-01]
          ee wrench(contact) [Tx Ty Tz Fx Fy Fz] = [+0.0308, -0.0097, +0.0431, -2.1404, +0.2044, +1.5998]
[step 019] peg world pos = [ 3.05647709e-01 -4.44480773e-06  4.22163268e-01]
          ee wrench(contact) [Tx Ty Tz Fx Fy Fz] = [+0.0241, -0.0188, +0.0387, -1.9398, +0.0394, +1.2250]
[step 020] peg world pos = [ 3.05598576e-01 -2.00378880e-05  4.21593417e-01]
          ee wrench(contact) [Tx Ty Tz Fx Fy Fz] = [+0.0660, -0.0098, +0.0684, +0.6473, +0.1252, -1.3479]
[step 021] peg world pos = [ 3.05548516e-01 -2.35810067e-06  4.20980777e-01]
          ee wrench(contact) [Tx Ty Tz Fx Fy Fz] = [+0.0415, -0.0250, +0.0475, -0.9733, -0.2041, +0.1558]
[step 022] peg world pos = [3.05495274e-01 1.32325131e-05 4.20334929e-01]
          ee wrench(contact) [Tx Ty Tz Fx Fy Fz] = [+0.0395, -0.0228, +0.0460, -0.7831, -0.3940, -0.1450]
[step 023] peg world pos = [3.05440642e-01 2.88471180e-05 4.19656769e-01]
          ee wrench(contact) [Tx Ty Tz Fx Fy Fz] = [+0.0395, -0.0207, +0.0479, -0.7723, -0.2714, -0.1609]
[step 024] peg world pos = [3.05384860e-01 4.46682995e-05 4.18945552e-01]
          ee wrench(contact) [Tx Ty Tz Fx Fy Fz] = [+0.0397, -0.0181, +0.0485, -0.6700, -0.2506, -0.1648]
[step 025] peg world pos = [3.05327229e-01 6.26951111e-05 4.18200828e-01]
          ee wrench(contact) [Tx Ty Tz Fx Fy Fz] = [+0.0236, -0.0204, +0.0376, -1.8987, -0.0046, +1.1808]
[step 026] peg world pos = [3.05268031e-01 5.86006360e-05 4.17428209e-01]
          ee wrench(contact) [Tx Ty Tz Fx Fy Fz] = [+0.0585, -0.0252, +0.0610, +0.1211, -0.6488, -0.8360]
[step 027] peg world pos = [3.05207577e-01 7.65928050e-05 4.16615625e-01]
          ee wrench(contact) [Tx Ty Tz Fx Fy Fz] = [+0.0405, -0.0296, +0.0492, -0.8672, -0.7898, +0.1687]
[step 028] peg world pos = [3.05146094e-01 9.45499731e-05 4.15768844e-01]
          ee wrench(contact) [Tx Ty Tz Fx Fy Fz] = [+0.0379, -0.0304, +0.0502, -0.8906, -0.9064, +0.1956]
[step 029] peg world pos = [3.05083564e-01 1.11928058e-04 4.14887877e-01]
          ee wrench(contact) [Tx Ty Tz Fx Fy Fz] = [+0.0379, -0.0313, +0.0510, -0.8581, -0.9621, +0.1703]
[step 030] peg world pos = [3.05020142e-01 1.29263620e-04 4.13972510e-01]
          ee wrench(contact) [Tx Ty Tz Fx Fy Fz] = [+0.0235, -0.0277, +0.0379, -1.9256, -0.0443, +1.1610]
[step 031] peg world pos = [3.04954575e-01 1.23737638e-04 4.13029007e-01]
          ee wrench(contact) [Tx Ty Tz Fx Fy Fz] = [+0.0585, -0.0388, +0.0630, +0.2564, -1.2436, -0.9413]
[step 032] peg world pos = [3.04889836e-01 1.42192848e-04 4.12044609e-01]
          ee wrench(contact) [Tx Ty Tz Fx Fy Fz] = [+0.0395, -0.0335, +0.0513, -0.8227, -0.8627, +0.1005]
[step 033] peg world pos = [3.04824469e-01 1.61150690e-04 4.11025444e-01]
          ee wrench(contact) [Tx Ty Tz Fx Fy Fz] = [+0.0376, -0.0329, +0.0528, -0.8249, -0.8514, +0.1192]
[step 034] peg world pos = [3.04758997e-01 1.80309950e-04 4.09971313e-01]
          ee wrench(contact) [Tx Ty Tz Fx Fy Fz] = [+0.0238, -0.0255, +0.0386, -1.9771, -0.0691, +1.1647]
[step 035] peg world pos = [3.04690976e-01 1.75823371e-04 4.08888564e-01]
          ee wrench(contact) [Tx Ty Tz Fx Fy Fz] = [+0.0588, -0.0419, +0.0595, +0.3612, -1.2272, -0.9960]
[step 036] peg world pos = [3.04620413e-01 1.96827840e-04 4.07764425e-01]
          ee wrench(contact) [Tx Ty Tz Fx Fy Fz] = [+0.0410, -0.0342, +0.0460, -0.7882, -0.8671, +0.0596]
[step 037] peg world pos = [3.04546693e-01 2.18832018e-04 4.06606571e-01]
          ee wrench(contact) [Tx Ty Tz Fx Fy Fz] = [+0.0398, -0.0335, +0.0453, -0.8005, -0.8558, +0.0851]
[step 038] peg world pos = [3.04469174e-01 2.41416507e-04 4.05414846e-01]
          ee wrench(contact) [Tx Ty Tz Fx Fy Fz] = [+0.0383, -0.0345, +0.0502, -0.7589, -0.8604, +0.0433]
[step 039] peg world pos = [3.04390819e-01 2.65188794e-04 4.04188785e-01]
          ee wrench(contact) [Tx Ty Tz Fx Fy Fz] = [+0.0237, -0.0267, +0.0379, -1.9708, -0.1204, +1.1309]
[step 040] peg world pos = [3.04309296e-01 2.65157785e-04 4.02934162e-01]
          ee wrench(contact) [Tx Ty Tz Fx Fy Fz] = [+0.0589, -0.0439, +0.0635, +0.4772, -1.2386, -1.1378]
[step 041] peg world pos = [3.04227747e-01 2.92559173e-04 4.01637196e-01]
          ee wrench(contact) [Tx Ty Tz Fx Fy Fz] = [+0.0607, -0.0470, +0.0523, -3.7221, -0.6045, +2.9278]
[step 042] peg world pos = [3.04145136e-01 2.84772739e-04 4.00306459e-01]
          ee wrench(contact) [Tx Ty Tz Fx Fy Fz] = [+0.0322, -0.0412, +0.0549, -1.9049, -0.4621, +1.4846]
[step 043] peg world pos = [3.04060216e-01 2.58992926e-04 3.98941198e-01]
          ee wrench(contact) [Tx Ty Tz Fx Fy Fz] = [+0.0385, -0.0071, +0.0431, +2.1753, -0.1329, -1.8957]
[step 044] peg world pos = [3.03975636e-01 2.66855441e-04 3.97545447e-01]
          ee wrench(contact) [Tx Ty Tz Fx Fy Fz] = [+0.0277, +0.0091, +0.0386, +1.9504, -0.0041, -1.3681]
[step 045] peg world pos = [3.03889190e-01 3.04442835e-04 3.96121398e-01]
          ee wrench(contact) [Tx Ty Tz Fx Fy Fz] = [+0.0188, +0.0095, +0.0333, +1.7182, +0.2609, -0.9498]
[step 046] peg world pos = [3.03798649e-01 3.73211765e-04 3.94671350e-01]
          ee wrench(contact) [Tx Ty Tz Fx Fy Fz] = [+0.0321, +0.0360, +0.0457, +2.3884, +0.2272, -1.7353]
[step 047] peg world pos = [0.30370424 0.00046647 0.39318899]
          ee wrench(contact) [Tx Ty Tz Fx Fy Fz] = [+0.0692, +0.0164, +0.0913, -4.6656, -0.2819, +3.5137]
[step 048] peg world pos = [0.30360534 0.00045736 0.39165186]
          ee wrench(contact) [Tx Ty Tz Fx Fy Fz] = [+0.0231, -0.0012, +0.0316, -1.6960, -0.3132, +1.1525]
[step 049] peg world pos = [0.30350146 0.00041801 0.39008862]
          ee wrench(contact) [Tx Ty Tz Fx Fy Fz] = [+0.0336, -0.0352, +0.0417, -2.2113, -0.2072, +1.5613]
[step 050] peg world pos = [3.03394021e-01 3.55578663e-04 3.88494406e-01]
          ee wrench(contact) [Tx Ty Tz Fx Fy Fz] = [+0.0698, -0.0246, +0.0947, +3.4044, -0.5314, -2.9956]
[step 051] peg world pos = [3.03281808e-01 3.70333884e-04 3.86843536e-01]
          ee wrench(contact) [Tx Ty Tz Fx Fy Fz] = [+0.0545, -0.0454, +0.0496, -2.8699, -0.2926, +2.5292]
[step 052] peg world pos = [3.03165109e-01 3.61395431e-04 3.85157444e-01]
          ee wrench(contact) [Tx Ty Tz Fx Fy Fz] = [+0.0006, +0.0016, +0.0227, +1.1099, +0.2565, -0.0393]
[step 053] peg world pos = [3.03044293e-01 3.73576523e-04 3.83451242e-01]
          ee wrench(contact) [Tx Ty Tz Fx Fy Fz] = [+0.0359, +0.0398, +0.0527, +2.6831, +0.3237, -1.9175]
[step 054] peg world pos = [0.30291794 0.00041396 0.38171007]
          ee wrench(contact) [Tx Ty Tz Fx Fy Fz] = [+0.0640, +0.0044, +0.0833, -1.7625, -0.1428, +2.1279]
[step 055] peg world pos = [0.30278429 0.00040309 0.3799176 ]
          ee wrench(contact) [Tx Ty Tz Fx Fy Fz] = [+0.0561, -0.0010, +0.0507, -1.0441, +0.0698, +3.0433]
[step 056] peg world pos = [3.02644607e-01 3.63005073e-04 3.78090004e-01]
          ee wrench(contact) [Tx Ty Tz Fx Fy Fz] = [+0.0391, +0.0147, +0.0503, -0.9715, +0.2569, +2.0506]
[step 057] peg world pos = [3.02499275e-01 2.96329923e-04 3.76228307e-01]
          ee wrench(contact) [Tx Ty Tz Fx Fy Fz] = [+0.0073, +0.0206, +0.0337, +1.6636, +0.2849, -0.4756]
[step 058] peg world pos = [3.02348928e-01 2.55876826e-04 3.74341421e-01]
          ee wrench(contact) [Tx Ty Tz Fx Fy Fz] = [-0.0024, +0.0096, +0.0174, +0.8282, +0.2905, -0.0320]
[step 059] peg world pos = [3.02194760e-01 2.30962160e-04 3.72437216e-01]
          ee wrench(contact) [Tx Ty Tz Fx Fy Fz] = [+0.0911, +0.0482, +0.0749, -1.2040, +1.2506, +1.5569]
[step 060] peg world pos = [3.02031775e-01 1.54591245e-04 3.70485986e-01]
          ee wrench(contact) [Tx Ty Tz Fx Fy Fz] = [+0.0406, +0.0279, +0.0249, +1.4005, +0.4677, -0.6666]
[step 061] peg world pos = [3.01864014e-01 8.60608383e-05 3.68513301e-01]
          ee wrench(contact) [Tx Ty Tz Fx Fy Fz] = [+0.0635, +0.0203, +0.0192, -1.3497, +1.3688, +2.9699]
[step 062] peg world pos = [ 3.01695453e-01 -1.88848451e-05  3.66519326e-01]
          ee wrench(contact) [Tx Ty Tz Fx Fy Fz] = [+0.0122, +0.0154, +0.0213, +1.0526, +0.1398, -0.6451]
[step 063] peg world pos = [ 3.01523212e-01 -1.11306802e-04  3.64505892e-01]
          ee wrench(contact) [Tx Ty Tz Fx Fy Fz] = [+0.0164, +0.0064, -0.0019, -0.0346, -0.1128, -0.7797]
[step 064] peg world pos = [ 3.01350097e-01 -2.04150679e-04  3.62483134e-01]
          ee wrench(contact) [Tx Ty Tz Fx Fy Fz] = [+0.0115, -0.0015, -0.0020, -0.1212, -0.3341, -0.6554]
[step 065] peg world pos = [ 3.01179135e-01 -2.96886120e-04  3.60451831e-01]
          ee wrench(contact) [Tx Ty Tz Fx Fy Fz] = [+0.0916, +0.0309, -0.0143, +2.4571, +1.1854, +0.5159]
[step 066] peg world pos = [ 0.3010132  -0.00037722  0.35841868]
          ee wrench(contact) [Tx Ty Tz Fx Fy Fz] = [+0.0436, +0.0067, -0.0212, +1.0659, +0.2778, -0.2187]
[step 067] peg world pos = [ 0.30085181 -0.00045441  0.35638697]
          ee wrench(contact) [Tx Ty Tz Fx Fy Fz] = [+0.0423, -0.0052, +0.0020, +1.1894, -0.5108, -0.3506]
[step 068] peg world pos = [ 0.30069529 -0.00052657  0.35434622]
          ee wrench(contact) [Tx Ty Tz Fx Fy Fz] = [+0.0426, -0.0108, +0.0010, +1.1977, -0.7595, -0.3312]
[step 069] peg world pos = [ 0.30054181 -0.00059396  0.35229672]
          ee wrench(contact) [Tx Ty Tz Fx Fy Fz] = [+0.0420, -0.0143, -0.0003, +1.2084, -0.8492, -0.3327]
[step 070] peg world pos = [ 0.30039096 -0.00065664  0.35023929]
          ee wrench(contact) [Tx Ty Tz Fx Fy Fz] = [+0.0426, -0.0146, +0.0006, +1.2342, -0.9017, -0.3537]
[step 071] peg world pos = [ 0.30024257 -0.00071437  0.34817298]
          ee wrench(contact) [Tx Ty Tz Fx Fy Fz] = [+0.0431, -0.0129, +0.0038, +1.2644, -0.9148, -0.3871]
[step 072] peg world pos = [ 0.3000959  -0.00076679  0.34609524]
          ee wrench(contact) [Tx Ty Tz Fx Fy Fz] = [+0.0438, -0.0149, -0.0039, +1.2526, -0.9114, -0.3676]
[step 073] peg world pos = [ 0.2999508  -0.00081421  0.34400974]
          ee wrench(contact) [Tx Ty Tz Fx Fy Fz] = [+0.0437, -0.0134, +0.0012, +1.3035, -0.9143, -0.4180]
[step 074] peg world pos = [ 0.2998073  -0.00085593  0.34191405]
          ee wrench(contact) [Tx Ty Tz Fx Fy Fz] = [+0.0439, -0.0139, -0.0015, +1.3010, -0.9089, -0.4182]
[step 075] peg world pos = [ 0.29966514 -0.00089204  0.33980938]
          ee wrench(contact) [Tx Ty Tz Fx Fy Fz] = [+0.0446, -0.0202, -0.0187, +1.2357, -0.8875, -0.3576]
[step 076] peg world pos = [ 0.2995262  -0.00092365  0.33770518]
          ee wrench(contact) [Tx Ty Tz Fx Fy Fz] = [+0.0127, -0.0062, +0.0018, -0.1548, -0.4915, -0.7423]
[step 077] peg world pos = [ 0.29939103 -0.00095593  0.33559281]
          ee wrench(contact) [Tx Ty Tz Fx Fy Fz] = [+0.0736, -0.0208, -0.0206, +2.0206, -1.3375, -0.1114]
[step 078] peg world pos = [ 0.29926088 -0.00097605  0.33348094]
          ee wrench(contact) [Tx Ty Tz Fx Fy Fz] = [+0.0467, -0.0159, -0.0138, +1.3392, -0.9063, -0.4461]
[step 079] peg world pos = [ 0.29913504 -0.00099056  0.33136758]
          ee wrench(contact) [Tx Ty Tz Fx Fy Fz] = [+0.0442, -0.0176, -0.0092, +1.3387, -0.8760, -0.4842]
[step 080] peg world pos = [ 0.2990137  -0.00099907  0.32925083]
          ee wrench(contact) [Tx Ty Tz Fx Fy Fz] = [+0.0445, -0.0172, -0.0088, +1.3634, -0.8769, -0.5000]
[step 081] peg world pos = [ 0.29889648 -0.00100124  0.32713028]
          ee wrench(contact) [Tx Ty Tz Fx Fy Fz] = [+0.0133, -0.0063, +0.0005, -0.2299, -0.4921, -0.7863]
[step 082] peg world pos = [ 0.29878277 -0.00100549  0.32500234]
          ee wrench(contact) [Tx Ty Tz Fx Fy Fz] = [+0.0727, -0.0174, -0.0295, +1.9222, -1.3127, -0.1390]
[step 083] peg world pos = [ 0.29867503 -0.00099573  0.32288016]
          ee wrench(contact) [Tx Ty Tz Fx Fy Fz] = [+0.0463, -0.0131, -0.0109, +1.2999, -0.8917, -0.5275]
[step 084] peg world pos = [ 0.29857235 -0.00097943  0.32075576]
          ee wrench(contact) [Tx Ty Tz Fx Fy Fz] = [+0.0437, -0.0190, -0.0139, +1.2469, -0.8533, -0.5039]
[step 085] peg world pos = [ 0.29847486 -0.00095715  0.31863106]
          ee wrench(contact) [Tx Ty Tz Fx Fy Fz] = [+0.0145, -0.0069, +0.0024, -0.1633, -0.5355, -0.8665]
[step 086] peg world pos = [ 0.29838149 -0.00093554  0.31649841]
          ee wrench(contact) [Tx Ty Tz Fx Fy Fz] = [+0.0705, -0.0191, -0.0147, +1.4299, -1.3313, -0.2200]
[step 087] peg world pos = [ 0.29829268 -0.00089935  0.3143647 ]
          ee wrench(contact) [Tx Ty Tz Fx Fy Fz] = [+0.0456, -0.0111, -0.0071, +1.0583, -0.9053, -0.5592]
[step 088] peg world pos = [ 0.29820679 -0.0008563   0.31222615]
          ee wrench(contact) [Tx Ty Tz Fx Fy Fz] = [+0.0436, -0.0216, -0.0490, +0.8543, -0.7909, -0.3200]
[step 089] peg world pos = [ 0.29812955 -0.00081003  0.31010603]
          ee wrench(contact) [Tx Ty Tz Fx Fy Fz] = [+0.0147, -0.0076, +0.0036, -0.2299, -0.7226, -0.9729]
[step 090] peg world pos = [ 0.29805905 -0.00076563  0.3079785 ]
          ee wrench(contact) [Tx Ty Tz Fx Fy Fz] = [+0.0661, -0.0240, -0.0079, +0.4472, -1.2407, -0.2344]
[step 091] peg world pos = [ 0.29799626 -0.0007042   0.30585003]
          ee wrench(contact) [Tx Ty Tz Fx Fy Fz] = [+0.0444, -0.0160, +0.0138, +0.2219, -1.0305, -0.7038]
[step 092] peg world pos = [ 0.29793424 -0.00063427  0.30370663]
          ee wrench(contact) [Tx Ty Tz Fx Fy Fz] = [+0.0436, -0.0148, +0.0240, +0.3308, -1.0439, -0.7646]
[step 093] peg world pos = [ 0.29786817 -0.00055487  0.30154048]
          ee wrench(contact) [Tx Ty Tz Fx Fy Fz] = [+0.0952, -0.0149, +0.0293, +2.7587, -1.5516, -3.3000]
[step 094] peg world pos = [ 0.29779278 -0.00043387  0.29934409]
          ee wrench(contact) [Tx Ty Tz Fx Fy Fz] = [+0.0433, -0.0099, -0.0628, +1.2767, -0.6951, -1.5783]
[step 095] peg world pos = [ 2.97718114e-01 -2.95629582e-04  2.97170121e-01]
          ee wrench(contact) [Tx Ty Tz Fx Fy Fz] = [+0.0426, -0.0077, -0.0331, +1.7124, -0.7148, -1.6969]
[step 096] peg world pos = [ 2.97654231e-01 -1.37060592e-04  2.95009341e-01]
          ee wrench(contact) [Tx Ty Tz Fx Fy Fz] = [+0.0553, -0.0087, -0.0287, +2.3513, -0.6033, -1.6298]
[step 097] peg world pos = [2.97600816e-01 4.17240285e-05 2.92860810e-01]
          ee wrench(contact) [Tx Ty Tz Fx Fy Fz] = [+0.0013, -0.0006, -0.0195, +1.1538, +0.6399, +0.0986]
[step 098] peg world pos = [2.97554493e-01 2.43618521e-04 2.90715193e-01]
          ee wrench(contact) [Tx Ty Tz Fx Fy Fz] = [+0.0494, -0.0321, +0.0056, -1.3546, -2.1673, -3.3157]
[step 099] peg world pos = [0.29752535 0.00042667 0.2885729 ]
          ee wrench(cfrc_ext) [Tx Ty Tz Fx Fy Fz] = [+0.0000, +0.0000, +0.0000, +0.0000, +0.0000, +0.0000]
[step 100] peg world pos = [0.29749616 0.00060953 0.28642113]
          ee wrench(contact) [Tx Ty Tz Fx Fy Fz] = [+0.0981, +0.0204, -0.0981, +3.7485, -1.8485, -4.2879]
